This is pdfTeX, Version 3.1415926-2.4-1.40.13 (MiKTeX 2.9 64-bit) (preloaded format=pdflatex 2015.11.13)  3 NOV 2016 12:15
entering extended mode
**G14B01_Bagci_Guel_Hoang.tex

("C:\Users\Viet\Dropbox\UniHH\Sem03\GDB\WS1617\Uebung\Uebung 01\GDB-Abgabe_Vorl
age\G14B01_Bagci_Guel_Hoang.tex"
LaTeX2e <2011/06/27>
Babel <v3.8m> and hyphenation patterns for english, afrikaans, ancientgreek, ar
abic, armenian, assamese, basque, bengali, bokmal, bulgarian, catalan, coptic, 
croatian, czech, danish, dutch, esperanto, estonian, farsi, finnish, french, ga
lician, german, german-x-2012-05-30, greek, gujarati, hindi, hungarian, iceland
ic, indonesian, interlingua, irish, italian, kannada, kurmanji, latin, latvian,
 lithuanian, malayalam, marathi, mongolian, mongolianlmc, monogreek, ngerman, n
german-x-2012-05-30, nynorsk, oriya, panjabi, pinyin, polish, portuguese, roman
ian, russian, sanskrit, serbian, slovak, slovenian, spanish, swedish, swissgerm
an, tamil, telugu, turkish, turkmen, ukenglish, ukrainian, uppersorbian, usengl
ishmax, welsh, loaded.

("C:\Users\Viet\Dropbox\UniHH\Sem03\GDB\WS1617\Uebung\Uebung 01\GDB-Abgabe_Vorl
age\gdb-aufgabenblatt.cls"
Document Class: gdb-aufgabenblatt 2009/11/08 v1.0 VSIS-Aufgabenblaetter

("C:\Users\Viet\Dropbox\UniHH\Sem03\GDB\WS1617\Uebung\Uebung 01\GDB-Abgabe_Vorl
age\vsis-aufgabenblatt.cls"
Document Class: vsis-aufgabenblatt 2009/11/08 v1.0 VSIS-Aufgabenblaetter
("C:\Program Files\MiKTeX 2.9\tex\latex\koma-script\scrartcl.cls"
Document Class: scrartcl 2012/07/29 v3.11b KOMA-Script document class (article)

("C:\Program Files\MiKTeX 2.9\tex\latex\koma-script\scrkbase.sty"
Package: scrkbase 2012/07/29 v3.11b KOMA-Script package (KOMA-Script-dependent 
basics and keyval usage)

("C:\Program Files\MiKTeX 2.9\tex\latex\koma-script\scrbase.sty"
Package: scrbase 2012/07/29 v3.11b KOMA-Script package (KOMA-Script-independent
 basics and keyval usage)

("C:\Program Files\MiKTeX 2.9\tex\latex\graphics\keyval.sty"
Package: keyval 1999/03/16 v1.13 key=value parser (DPC)
\KV@toks@=\toks14
)
("C:\Program Files\MiKTeX 2.9\tex\latex\koma-script\scrlfile.sty"
Package: scrlfile 2012/06/15 v3.12 KOMA-Script package (loading files)

Package scrlfile, 2012/06/15 v3.12 KOMA-Script package (loading files)
                  Copyright (C) Markus Kohm

))) ("C:\Program Files\MiKTeX 2.9\tex\latex\koma-script\tocbasic.sty"
Package: tocbasic 2012/04/04 v3.10b KOMA-Script package (handling toc-files)
)
Package tocbasic Info: omitting babel extension for `toc'
(tocbasic)             because of feature `nobabel' available
(tocbasic)             for `toc' on input line 115.
Package tocbasic Info: omitting babel extension for `lof'
(tocbasic)             because of feature `nobabel' available
(tocbasic)             for `lof' on input line 116.
Package tocbasic Info: omitting babel extension for `lot'
(tocbasic)             because of feature `nobabel' available
(tocbasic)             for `lot' on input line 117.
Class scrartcl Info: File `scrsize11pt.clo' used instead of
(scrartcl)           file `scrsize11.clo' to setup font sizes on input line 126
7.

("C:\Program Files\MiKTeX 2.9\tex\latex\koma-script\scrsize11pt.clo"
File: scrsize11pt.clo 2012/07/29 v3.11b KOMA-Script font size class option (11p
t)
)
("C:\Program Files\MiKTeX 2.9\tex\latex\koma-script\typearea.sty"
Package: typearea 2012/07/29 v3.11b KOMA-Script package (type area)

Package typearea, 2012/07/29 v3.11b KOMA-Script package (type area)
                  Copyright (C) Frank Neukam, 1992-1994
                  Copyright (C) Markus Kohm, 1994-

\ta@bcor=\skip41
\ta@div=\count79
\ta@hblk=\skip42
\ta@vblk=\skip43
\ta@temp=\skip44
Package typearea Info: These are the values describing the layout:
(typearea)             DIV  = 10
(typearea)             BCOR = 0.0pt
(typearea)             \paperwidth      = 597.50793pt
(typearea)              \textwidth      = 418.25555pt
(typearea)              DIV departure   = -6%
(typearea)              \evensidemargin = 17.3562pt
(typearea)              \oddsidemargin  = 17.3562pt
(typearea)             \paperheight     = 845.04694pt
(typearea)              \textheight     = 595.80026pt
(typearea)              \topmargin      = -25.16531pt
(typearea)              \headheight     = 17.0pt
(typearea)              \headsep        = 20.40001pt
(typearea)              \topskip        = 11.0pt
(typearea)              \footskip       = 47.60002pt
(typearea)              \baselineskip   = 13.6pt
(typearea)              on input line 1213.
)
\c@part=\count80
\c@section=\count81
\c@subsection=\count82
\c@subsubsection=\count83
\c@paragraph=\count84
\c@subparagraph=\count85
\abovecaptionskip=\skip45
\belowcaptionskip=\skip46
\c@pti@nb@sid@b@x=\box26
\c@figure=\count86
\c@table=\count87
\bibindent=\dimen102
) ("C:\Program Files\MiKTeX 2.9\tex\generic\babel\babel.sty"
Package: babel 2008/07/08 v3.8m The Babel package

*************************************
* Local config file bblopts.cfg used
*
("C:\Program Files\MiKTeX 2.9\tex\latex\00miktex\bblopts.cfg"
File: bblopts.cfg 2006/07/31 v1.0 MiKTeX 'babel' configuration
)
("C:\Program Files\MiKTeX 2.9\tex\generic\babel\ngermanb.ldf"
Language: ngermanb 2008/07/06 v2.6n new German support from the babel system

("C:\Program Files\MiKTeX 2.9\tex\generic\babel\babel.def"
File: babel.def 2008/07/08 v3.8m Babel common definitions
\babel@savecnt=\count88
\U@D=\dimen103
)
\l@naustrian = a dialect from \language\l@ngerman 
Package babel Info: Making " an active character on input line 92.
))
("C:\Program Files\MiKTeX 2.9\tex\latex\base\fontenc.sty"
Package: fontenc 2005/09/27 v1.99g Standard LaTeX package

("C:\Program Files\MiKTeX 2.9\tex\latex\base\t1enc.def"
File: t1enc.def 2005/09/27 v1.99g Standard LaTeX file
LaTeX Font Info:    Redeclaring font encoding T1 on input line 43.
))
("C:\Program Files\MiKTeX 2.9\tex\latex\graphics\graphicx.sty"
Package: graphicx 1999/02/16 v1.0f Enhanced LaTeX Graphics (DPC,SPQR)

("C:\Program Files\MiKTeX 2.9\tex\latex\graphics\graphics.sty"
Package: graphics 2009/02/05 v1.0o Standard LaTeX Graphics (DPC,SPQR)

("C:\Program Files\MiKTeX 2.9\tex\latex\graphics\trig.sty"
Package: trig 1999/03/16 v1.09 sin cos tan (DPC)
)
("C:\Program Files\MiKTeX 2.9\tex\latex\00miktex\graphics.cfg"
File: graphics.cfg 2007/01/18 v1.5 graphics configuration of teTeX/TeXLive
)
Package graphics Info: Driver file: pdftex.def on input line 91.

("C:\Program Files\MiKTeX 2.9\tex\latex\pdftex-def\pdftex.def"
File: pdftex.def 2011/05/27 v0.06d Graphics/color for pdfTeX

("C:\Program Files\MiKTeX 2.9\tex\generic\oberdiek\infwarerr.sty"
Package: infwarerr 2010/04/08 v1.3 Providing info/warning/error messages (HO)
)
("C:\Program Files\MiKTeX 2.9\tex\generic\oberdiek\ltxcmds.sty"
Package: ltxcmds 2011/11/09 v1.22 LaTeX kernel commands for general use (HO)
)
\Gread@gobject=\count89
))
\Gin@req@height=\dimen104
\Gin@req@width=\dimen105
)
("C:\Program Files\MiKTeX 2.9\tex\latex\xcolor\xcolor.sty"
Package: xcolor 2007/01/21 v2.11 LaTeX color extensions (UK)

("C:\Program Files\MiKTeX 2.9\tex\latex\00miktex\color.cfg"
File: color.cfg 2007/01/18 v1.5 color configuration of teTeX/TeXLive
)
Package xcolor Info: Driver file: pdftex.def on input line 225.
Package xcolor Info: Model `cmy' substituted by `cmy0' on input line 1337.
Package xcolor Info: Model `hsb' substituted by `rgb' on input line 1341.
Package xcolor Info: Model `RGB' extended on input line 1353.
Package xcolor Info: Model `HTML' substituted by `rgb' on input line 1355.
Package xcolor Info: Model `Hsb' substituted by `hsb' on input line 1356.
Package xcolor Info: Model `tHsb' substituted by `hsb' on input line 1357.
Package xcolor Info: Model `HSB' substituted by `hsb' on input line 1358.
Package xcolor Info: Model `Gray' substituted by `gray' on input line 1359.
Package xcolor Info: Model `wave' substituted by `hsb' on input line 1360.
)
("C:\Program Files\MiKTeX 2.9\tex\latex\framed\framed.sty"
Package: framed 2011/10/22 v 0.96: framed or shaded text with page breaks
\OuterFrameSep=\skip47
\fb@frw=\dimen106
\fb@frh=\dimen107
\FrameRule=\dimen108
\FrameSep=\dimen109
)
("C:\Program Files\MiKTeX 2.9\tex\latex\tools\tabularx.sty"
Package: tabularx 1999/01/07 v2.07 `tabularx' package (DPC)

("C:\Program Files\MiKTeX 2.9\tex\latex\tools\array.sty"
Package: array 2008/09/09 v2.4c Tabular extension package (FMi)
\col@sep=\dimen110
\extrarowheight=\dimen111
\NC@list=\toks15
\extratabsurround=\skip48
\backup@length=\skip49
)
\TX@col@width=\dimen112
\TX@old@table=\dimen113
\TX@old@col=\dimen114
\TX@target=\dimen115
\TX@delta=\dimen116
\TX@cols=\count90
\TX@ftn=\toks16
)
("C:\Program Files\MiKTeX 2.9\tex\latex\multirow\multirow.sty"
\bigstrutjot=\dimen117
)
("C:\Users\Viet\Dropbox\UniHH\Sem03\GDB\WS1617\Uebung\Uebung 01\GDB-Abgabe_Vorl
age\sfmath.sty"
Package: sfmath 2007/08/27 v0.8 sans serif maths
LaTeX Font Info:    Overwriting symbol font `operators' in version `normal'
(Font)                  OT1/cmr/m/n --> OT1/cmss/m/n on input line 329.
LaTeX Font Info:    Overwriting symbol font `operators' in version `bold'
(Font)                  OT1/cmr/bx/n --> OT1/cmss/bx/n on input line 330.
\symSFMath=\mathgroup4
LaTeX Font Info:    Overwriting symbol font `SFMath' in version `normal'
(Font)                  OT1/cmss/m/sl --> OT1/cmss/m/sl on input line 343.
LaTeX Font Info:    Overwriting symbol font `SFMath' in version `bold'
(Font)                  OT1/cmss/m/sl --> OT1/cmss/bx/n on input line 344.
LaTeX Font Info:    Redeclaring math symbol \imath on input line 398.
LaTeX Font Info:    Redeclaring math symbol \jmath on input line 399.
\symSFMathUp=\mathgroup5
LaTeX Font Info:    Overwriting symbol font `SFMathUp' in version `normal'
(Font)                  OT1/cmss/m/n --> OT1/cmss/m/n on input line 406.
LaTeX Font Info:    Overwriting symbol font `SFMathUp' in version `bold'
(Font)                  OT1/cmss/m/n --> OT1/cmss/bx/n on input line 407.
LaTeX Font Info:    Redeclaring math symbol \ldotp on input line 410.
\symSFMathGreek=\mathgroup6
LaTeX Font Info:    Overwriting symbol font `SFMathGreek' in version `normal'
(Font)                  OT1/cmss/m/n --> OT1/cmss/m/n on input line 419.
LaTeX Font Info:    Overwriting symbol font `SFMathGreek' in version `bold'
(Font)                  OT1/cmss/m/n --> OT1/cmss/bx/n on input line 420.
LaTeX Font Info:    Redeclaring math symbol \Gamma on input line 422.
LaTeX Font Info:    Redeclaring math symbol \Delta on input line 423.
LaTeX Font Info:    Redeclaring math symbol \Theta on input line 424.
LaTeX Font Info:    Redeclaring math symbol \Lambda on input line 425.
LaTeX Font Info:    Redeclaring math symbol \Xi on input line 426.
LaTeX Font Info:    Redeclaring math symbol \Pi on input line 427.
LaTeX Font Info:    Redeclaring math symbol \Sigma on input line 428.
LaTeX Font Info:    Redeclaring math symbol \Upsilon on input line 429.
LaTeX Font Info:    Redeclaring math symbol \Phi on input line 430.
LaTeX Font Info:    Redeclaring math symbol \Psi on input line 431.
LaTeX Font Info:    Redeclaring math symbol \Omega on input line 432.
\symSFMathUpGreek=\mathgroup7
LaTeX Font Info:    Overwriting symbol font `SFMathUpGreek' in version `normal'

(Font)                  OT1/cmss/m/n --> OT1/cmss/m/n on input line 436.
LaTeX Font Info:    Overwriting symbol font `SFMathUpGreek' in version `bold'
(Font)                  OT1/cmss/m/n --> OT1/cmss/bx/n on input line 437.
LaTeX Font Info:    Overwriting math alphabet `\mathnormal' in version `normal'

(Font)                  OML/cmm/m/it --> OT1/cmss/m/sl on input line 446.
LaTeX Font Info:    Overwriting math alphabet `\mathnormal' in version `bold'
(Font)                  OML/cmm/b/it --> OT1/cmss/bx/n on input line 447.
LaTeX Font Info:    Overwriting math alphabet `\mathrm' in version `normal'
(Font)                  OT1/cmss/m/n --> OT1/cmss/m/n on input line 449.
LaTeX Font Info:    Overwriting math alphabet `\mathrm' in version `bold'
(Font)                  OT1/cmss/bx/n --> OT1/cmss/bx/n on input line 450.
LaTeX Font Info:    Overwriting math alphabet `\mathbf' in version `normal'
(Font)                  OT1/cmr/bx/n --> OT1/cmss/bx/n on input line 452.
LaTeX Font Info:    Overwriting math alphabet `\mathbf' in version `bold'
(Font)                  OT1/cmr/bx/n --> OT1/cmss/bx/n on input line 453.
LaTeX Font Info:    Overwriting math alphabet `\mathit' in version `normal'
(Font)                  OT1/cmr/m/it --> OT1/cmss/m/sl on input line 455.
LaTeX Font Info:    Overwriting math alphabet `\mathit' in version `bold'
(Font)                  OT1/cmr/bx/it --> OT1/cmss/m/sl on input line 456.
LaTeX Font Info:    Overwriting math alphabet `\mathsf' in version `normal'
(Font)                  OT1/cmss/m/n --> OT1/cmss/m/n on input line 458.
LaTeX Font Info:    Overwriting math alphabet `\mathsf' in version `bold'
(Font)                  OT1/cmss/bx/n --> OT1/cmss/bx/n on input line 459.
LaTeX Font Info:    Overwriting math alphabet `\mathsl' in version `bold'
(Font)                  OT1/cmss/m/sl --> OT1/cmss/m/sl on input line 466.
) ("C:\Program Files\MiKTeX 2.9\tex\latex\uri\uri.sty"
Package: uri 2011/03/04 v1.0a Hyperlinks URIs like DOI,HDL,NBN,PubMed (HMM)

("C:\Program Files\MiKTeX 2.9\tex\latex\oberdiek\kvoptions.sty"
Package: kvoptions 2011/06/30 v3.11 Key value format for package options (HO)

("C:\Program Files\MiKTeX 2.9\tex\generic\oberdiek\kvsetkeys.sty"
Package: kvsetkeys 2012/04/25 v1.16 Key value parser (HO)

("C:\Program Files\MiKTeX 2.9\tex\generic\oberdiek\etexcmds.sty"
Package: etexcmds 2011/02/16 v1.5 Avoid name clashes with e-TeX commands (HO)

("C:\Program Files\MiKTeX 2.9\tex\generic\oberdiek\ifluatex.sty"
Package: ifluatex 2010/03/01 v1.3 Provides the ifluatex switch (HO)
Package ifluatex Info: LuaTeX not detected.
)
Package etexcmds Info: Could not find \expanded.
(etexcmds)             That can mean that you are not using pdfTeX 1.50 or
(etexcmds)             that some package has redefined \expanded.
(etexcmds)             In the latter case, load this package earlier.
)))
("C:\Program Files\MiKTeX 2.9\tex\latex\ltxmisc\url.sty"
\Urlmuskip=\muskip10
Package: url 2006/04/12  ver 3.3  Verb mode for urls, etc.
))
("C:\Program Files\MiKTeX 2.9\tex\latex\koma-script\scrpage2.sty"
Package: scrpage2 2010/04/22 v2.5 LaTeX2e KOMA-Script package
LaTeX Info: Redefining \pagemark on input line 176.
)
("C:\Users\Viet\Dropbox\UniHH\Sem03\GDB\WS1617\Uebung\Uebung 01\GDB-Abgabe_Vorl
age\vsis-gdb.sty"
Package: vsis-gdb 2009/11/27 v1.2 Nuetzliche Makros fuer GDB
 ("C:\Program Files\MiKTeX 2.9\tex\latex\setspace\setspace.sty"
Package: setspace 2011/12/19 v6.7a set line spacing
) ("C:\Program Files\MiKTeX 2.9\tex\latex\amsmath\amsmath.sty"
Package: amsmath 2013/01/14 v2.14 AMS math features
\@mathmargin=\skip50

For additional information on amsmath, use the `?' option.
("C:\Program Files\MiKTeX 2.9\tex\latex\amsmath\amstext.sty"
Package: amstext 2000/06/29 v2.01

("C:\Program Files\MiKTeX 2.9\tex\latex\amsmath\amsgen.sty"
File: amsgen.sty 1999/11/30 v2.0
\@emptytoks=\toks17
\ex@=\dimen118
))
("C:\Program Files\MiKTeX 2.9\tex\latex\amsmath\amsbsy.sty"
Package: amsbsy 1999/11/29 v1.2d
\pmbraise@=\dimen119
)
("C:\Program Files\MiKTeX 2.9\tex\latex\amsmath\amsopn.sty"
Package: amsopn 1999/12/14 v2.01 operator names
)
\inf@bad=\count91
LaTeX Info: Redefining \frac on input line 210.
\uproot@=\count92
\leftroot@=\count93
LaTeX Info: Redefining \overline on input line 306.
\classnum@=\count94
\DOTSCASE@=\count95
LaTeX Info: Redefining \ldots on input line 378.
LaTeX Info: Redefining \dots on input line 381.
LaTeX Info: Redefining \cdots on input line 466.
\Mathstrutbox@=\box27
\strutbox@=\box28
\big@size=\dimen120
LaTeX Font Info:    Redeclaring font encoding OML on input line 566.
LaTeX Font Info:    Redeclaring font encoding OMS on input line 567.
\macc@depth=\count96
\c@MaxMatrixCols=\count97
\dotsspace@=\muskip11
\c@parentequation=\count98
\dspbrk@lvl=\count99
\tag@help=\toks18
\row@=\count100
\column@=\count101
\maxfields@=\count102
\andhelp@=\toks19
\eqnshift@=\dimen121
\alignsep@=\dimen122
\tagshift@=\dimen123
\tagwidth@=\dimen124
\totwidth@=\dimen125
\lineht@=\dimen126
\@envbody=\toks20
\multlinegap=\skip51
\multlinetaggap=\skip52
\mathdisplay@stack=\toks21
LaTeX Info: Redefining \[ on input line 2665.
LaTeX Info: Redefining \] on input line 2666.
)
("C:\Program Files\MiKTeX 2.9\tex\latex\base\latexsym.sty"
Package: latexsym 1998/08/17 v2.2e Standard LaTeX package (lasy symbols)
\symlasy=\mathgroup8
LaTeX Font Info:    Overwriting symbol font `lasy' in version `bold'
(Font)                  U/lasy/m/n --> U/lasy/b/n on input line 47.
)
("C:\Program Files\MiKTeX 2.9\tex\latex\ulem\ulem.sty"
\UL@box=\box29
\UL@hyphenbox=\box30
\UL@skip=\skip53
\UL@hook=\toks22
\UL@height=\dimen127
\UL@pe=\count103
\UL@pixel=\dimen128
\ULC@box=\box31
Package: ulem 2012/05/18
\ULdepth=\dimen129
)
("C:\Program Files\MiKTeX 2.9\tex\latex\pgf\frontendlayer\tikz.sty"
("C:\Program Files\MiKTeX 2.9\tex\latex\pgf\basiclayer\pgf.sty"
("C:\Program Files\MiKTeX 2.9\tex\latex\pgf\utilities\pgfrcs.sty"
("C:\Program Files\MiKTeX 2.9\tex\generic\pgf\utilities\pgfutil-common.tex"
\pgfutil@everybye=\toks23
)
("C:\Program Files\MiKTeX 2.9\tex\generic\pgf\utilities\pgfutil-latex.def"
\pgfutil@abb=\box32

("C:\Program Files\MiKTeX 2.9\tex\latex\ms\everyshi.sty"
Package: everyshi 2001/05/15 v3.00 EveryShipout Package (MS)
))
("C:\Program Files\MiKTeX 2.9\tex\generic\pgf\utilities\pgfrcs.code.tex"
Package: pgfrcs 2010/10/25 v2.10 (rcs-revision 1.24)
))
Package: pgf 2008/01/15 v2.10 (rcs-revision 1.12)

("C:\Program Files\MiKTeX 2.9\tex\latex\pgf\basiclayer\pgfcore.sty"
("C:\Program Files\MiKTeX 2.9\tex\latex\pgf\systemlayer\pgfsys.sty"
("C:\Program Files\MiKTeX 2.9\tex\generic\pgf\systemlayer\pgfsys.code.tex"
Package: pgfsys 2010/06/30 v2.10 (rcs-revision 1.37)

("C:\Program Files\MiKTeX 2.9\tex\generic\pgf\utilities\pgfkeys.code.tex"
\pgfkeys@pathtoks=\toks24
\pgfkeys@temptoks=\toks25

("C:\Program Files\MiKTeX 2.9\tex\generic\pgf\utilities\pgfkeysfiltered.code.te
x"
\pgfkeys@tmptoks=\toks26
))
\pgf@x=\dimen130
\pgf@y=\dimen131
\pgf@xa=\dimen132
\pgf@ya=\dimen133
\pgf@xb=\dimen134
\pgf@yb=\dimen135
\pgf@xc=\dimen136
\pgf@yc=\dimen137
\w@pgf@writea=\write3
\r@pgf@reada=\read1
\c@pgf@counta=\count104
\c@pgf@countb=\count105
\c@pgf@countc=\count106
\c@pgf@countd=\count107
 ("C:\Program Files\MiKTeX 2.9\tex\generic\pgf\systemlayer\pgf.cfg"
File: pgf.cfg 2008/05/14  (rcs-revision 1.7)
)
Package pgfsys Info: Driver file for pgf: pgfsys-pdftex.def on input line 900.

("C:\Program Files\MiKTeX 2.9\tex\generic\pgf\systemlayer\pgfsys-pdftex.def"
File: pgfsys-pdftex.def 2009/05/22  (rcs-revision 1.26)

("C:\Program Files\MiKTeX 2.9\tex\generic\pgf\systemlayer\pgfsys-common-pdf.def
"
File: pgfsys-common-pdf.def 2008/05/19  (rcs-revision 1.10)
)))
("C:\Program Files\MiKTeX 2.9\tex\generic\pgf\systemlayer\pgfsyssoftpath.code.t
ex"
File: pgfsyssoftpath.code.tex 2008/07/18  (rcs-revision 1.7)
\pgfsyssoftpath@smallbuffer@items=\count108
\pgfsyssoftpath@bigbuffer@items=\count109
)
("C:\Program Files\MiKTeX 2.9\tex\generic\pgf\systemlayer\pgfsysprotocol.code.t
ex"
File: pgfsysprotocol.code.tex 2006/10/16  (rcs-revision 1.4)
)) ("C:\Program Files\MiKTeX 2.9\tex\generic\pgf\basiclayer\pgfcore.code.tex"
Package: pgfcore 2010/04/11 v2.10 (rcs-revision 1.7)
 ("C:\Program Files\MiKTeX 2.9\tex\generic\pgf\math\pgfmath.code.tex"
("C:\Program Files\MiKTeX 2.9\tex\generic\pgf\math\pgfmathcalc.code.tex"
("C:\Program Files\MiKTeX 2.9\tex\generic\pgf\math\pgfmathutil.code.tex")
("C:\Program Files\MiKTeX 2.9\tex\generic\pgf\math\pgfmathparser.code.tex"
\pgfmath@dimen=\dimen138
\pgfmath@count=\count110
\pgfmath@box=\box33
\pgfmath@toks=\toks27
\pgfmath@stack@operand=\toks28
\pgfmath@stack@operation=\toks29
)
("C:\Program Files\MiKTeX 2.9\tex\generic\pgf\math\pgfmathfunctions.code.tex"
("C:\Program Files\MiKTeX 2.9\tex\generic\pgf\math\pgfmathfunctions.basic.code.
tex")
("C:\Program Files\MiKTeX 2.9\tex\generic\pgf\math\pgfmathfunctions.trigonometr
ic.code.tex")
("C:\Program Files\MiKTeX 2.9\tex\generic\pgf\math\pgfmathfunctions.random.code
.tex")
("C:\Program Files\MiKTeX 2.9\tex\generic\pgf\math\pgfmathfunctions.comparison.
code.tex")
("C:\Program Files\MiKTeX 2.9\tex\generic\pgf\math\pgfmathfunctions.base.code.t
ex")
("C:\Program Files\MiKTeX 2.9\tex\generic\pgf\math\pgfmathfunctions.round.code.
tex")
("C:\Program Files\MiKTeX 2.9\tex\generic\pgf\math\pgfmathfunctions.misc.code.t
ex"))) ("C:\Program Files\MiKTeX 2.9\tex\generic\pgf\math\pgfmathfloat.code.tex
"
\c@pgfmathroundto@lastzeros=\count111
))
("C:\Program Files\MiKTeX 2.9\tex\generic\pgf\basiclayer\pgfcorepoints.code.tex
"
File: pgfcorepoints.code.tex 2010/04/09  (rcs-revision 1.20)
\pgf@picminx=\dimen139
\pgf@picmaxx=\dimen140
\pgf@picminy=\dimen141
\pgf@picmaxy=\dimen142
\pgf@pathminx=\dimen143
\pgf@pathmaxx=\dimen144
\pgf@pathminy=\dimen145
\pgf@pathmaxy=\dimen146
\pgf@xx=\dimen147
\pgf@xy=\dimen148
\pgf@yx=\dimen149
\pgf@yy=\dimen150
\pgf@zx=\dimen151
\pgf@zy=\dimen152
)
("C:\Program Files\MiKTeX 2.9\tex\generic\pgf\basiclayer\pgfcorepathconstruct.c
ode.tex"
File: pgfcorepathconstruct.code.tex 2010/08/03  (rcs-revision 1.24)
\pgf@path@lastx=\dimen153
\pgf@path@lasty=\dimen154
)
("C:\Program Files\MiKTeX 2.9\tex\generic\pgf\basiclayer\pgfcorepathusage.code.
tex"
File: pgfcorepathusage.code.tex 2008/04/22  (rcs-revision 1.12)
\pgf@shorten@end@additional=\dimen155
\pgf@shorten@start@additional=\dimen156
)
("C:\Program Files\MiKTeX 2.9\tex\generic\pgf\basiclayer\pgfcorescopes.code.tex
"
File: pgfcorescopes.code.tex 2010/09/08  (rcs-revision 1.34)
\pgfpic=\box34
\pgf@hbox=\box35
\pgf@layerbox@main=\box36
\pgf@picture@serial@count=\count112
)
("C:\Program Files\MiKTeX 2.9\tex\generic\pgf\basiclayer\pgfcoregraphicstate.co
de.tex"
File: pgfcoregraphicstate.code.tex 2008/04/22  (rcs-revision 1.9)
\pgflinewidth=\dimen157
)
("C:\Program Files\MiKTeX 2.9\tex\generic\pgf\basiclayer\pgfcoretransformations
.code.tex"
File: pgfcoretransformations.code.tex 2009/06/10  (rcs-revision 1.11)
\pgf@pt@x=\dimen158
\pgf@pt@y=\dimen159
\pgf@pt@temp=\dimen160
)
("C:\Program Files\MiKTeX 2.9\tex\generic\pgf\basiclayer\pgfcorequick.code.tex"
File: pgfcorequick.code.tex 2008/10/09  (rcs-revision 1.3)
)
("C:\Program Files\MiKTeX 2.9\tex\generic\pgf\basiclayer\pgfcoreobjects.code.te
x"
File: pgfcoreobjects.code.tex 2006/10/11  (rcs-revision 1.2)
)
("C:\Program Files\MiKTeX 2.9\tex\generic\pgf\basiclayer\pgfcorepathprocessing.
code.tex"
File: pgfcorepathprocessing.code.tex 2008/10/09  (rcs-revision 1.8)
)
("C:\Program Files\MiKTeX 2.9\tex\generic\pgf\basiclayer\pgfcorearrows.code.tex
"
File: pgfcorearrows.code.tex 2008/04/23  (rcs-revision 1.11)
)
("C:\Program Files\MiKTeX 2.9\tex\generic\pgf\basiclayer\pgfcoreshade.code.tex"
File: pgfcoreshade.code.tex 2008/11/23  (rcs-revision 1.13)
\pgf@max=\dimen161
\pgf@sys@shading@range@num=\count113
) ("C:\Program Files\MiKTeX 2.9\tex\generic\pgf\basiclayer\pgfcoreimage.code.te
x"
File: pgfcoreimage.code.tex 2010/03/25  (rcs-revision 1.16)

("C:\Program Files\MiKTeX 2.9\tex\generic\pgf\basiclayer\pgfcoreexternal.code.t
ex"
File: pgfcoreexternal.code.tex 2010/09/01  (rcs-revision 1.17)
\pgfexternal@startupbox=\box37
))
("C:\Program Files\MiKTeX 2.9\tex\generic\pgf\basiclayer\pgfcorelayers.code.tex
"
File: pgfcorelayers.code.tex 2010/08/27  (rcs-revision 1.2)
)
("C:\Program Files\MiKTeX 2.9\tex\generic\pgf\basiclayer\pgfcoretransparency.co
de.tex"
File: pgfcoretransparency.code.tex 2008/01/17  (rcs-revision 1.2)
)
("C:\Program Files\MiKTeX 2.9\tex\generic\pgf\basiclayer\pgfcorepatterns.code.t
ex"
File: pgfcorepatterns.code.tex 2009/07/02  (rcs-revision 1.3)
)))
("C:\Program Files\MiKTeX 2.9\tex\generic\pgf\modules\pgfmoduleshapes.code.tex"
File: pgfmoduleshapes.code.tex 2010/09/09  (rcs-revision 1.13)
\pgfnodeparttextbox=\box38
) ("C:\Program Files\MiKTeX 2.9\tex\generic\pgf\modules\pgfmoduleplot.code.tex"
File: pgfmoduleplot.code.tex 2010/10/22  (rcs-revision 1.8)
)
("C:\Program Files\MiKTeX 2.9\tex\latex\pgf\compatibility\pgfcomp-version-0-65.
sty"
Package: pgfcomp-version-0-65 2007/07/03 v2.10 (rcs-revision 1.7)
\pgf@nodesepstart=\dimen162
\pgf@nodesepend=\dimen163
)
("C:\Program Files\MiKTeX 2.9\tex\latex\pgf\compatibility\pgfcomp-version-1-18.
sty"
Package: pgfcomp-version-1-18 2007/07/23 v2.10 (rcs-revision 1.1)
)) ("C:\Program Files\MiKTeX 2.9\tex\latex\pgf\utilities\pgffor.sty"
("C:\Program Files\MiKTeX 2.9\tex\latex\pgf\utilities\pgfkeys.sty"
("C:\Program Files\MiKTeX 2.9\tex\generic\pgf\utilities\pgfkeys.code.tex"))
("C:\Program Files\MiKTeX 2.9\tex\generic\pgf\utilities\pgffor.code.tex"
Package: pgffor 2010/03/23 v2.10 (rcs-revision 1.18)
\pgffor@iter=\dimen164
\pgffor@skip=\dimen165
\pgffor@stack=\toks30
\pgffor@toks=\toks31
))
("C:\Program Files\MiKTeX 2.9\tex\generic\pgf\frontendlayer\tikz\tikz.code.tex"
Package: tikz 2010/10/13 v2.10 (rcs-revision 1.76)

("C:\Program Files\MiKTeX 2.9\tex\generic\pgf\libraries\pgflibraryplothandlers.
code.tex"
File: pgflibraryplothandlers.code.tex 2010/05/31 v2.10 (rcs-revision 1.15)
\pgf@plot@mark@count=\count114
\pgfplotmarksize=\dimen166
)
\tikz@lastx=\dimen167
\tikz@lasty=\dimen168
\tikz@lastxsaved=\dimen169
\tikz@lastysaved=\dimen170
\tikzleveldistance=\dimen171
\tikzsiblingdistance=\dimen172
\tikz@figbox=\box39
\tikz@tempbox=\box40
\tikztreelevel=\count115
\tikznumberofchildren=\count116
\tikznumberofcurrentchild=\count117
\tikz@fig@count=\count118

("C:\Program Files\MiKTeX 2.9\tex\generic\pgf\modules\pgfmodulematrix.code.tex"
File: pgfmodulematrix.code.tex 2010/08/24  (rcs-revision 1.4)
\pgfmatrixcurrentrow=\count119
\pgfmatrixcurrentcolumn=\count120
\pgf@matrix@numberofcolumns=\count121
)
\tikz@expandcount=\count122

("C:\Program Files\MiKTeX 2.9\tex\generic\pgf\frontendlayer\tikz\libraries\tikz
librarytopaths.code.tex"
File: tikzlibrarytopaths.code.tex 2008/06/17 v2.10 (rcs-revision 1.2)
)))
("C:\Program Files\MiKTeX 2.9\tex\generic\pgf\frontendlayer\tikz\libraries\tikz
libraryarrows.code.tex"
File: tikzlibraryarrows.code.tex 2008/01/09 v2.10 (rcs-revision 1.1)

("C:\Program Files\MiKTeX 2.9\tex\generic\pgf\libraries\pgflibraryarrows.code.t
ex"
File: pgflibraryarrows.code.tex 2008/10/27 v2.10 (rcs-revision 1.9)
\arrowsize=\dimen173
))
("C:\Program Files\MiKTeX 2.9\tex\generic\pgf\frontendlayer\tikz\libraries\tikz
librarypositioning.code.tex"
File: tikzlibrarypositioning.code.tex 2008/10/06 v2.10 (rcs-revision 1.7)
)
("C:\Program Files\MiKTeX 2.9\tex\generic\pgf\frontendlayer\tikz\libraries\tikz
librarycalc.code.tex"
File: tikzlibrarycalc.code.tex 2009/09/04 v2.10 (rcs-revision 1.6)
)
("C:\Program Files\MiKTeX 2.9\tex\generic\pgf\frontendlayer\tikz\libraries\tikz
libraryfit.code.tex"
File: tikzlibraryfit.code.tex 2008/06/21 v2.10 (rcs-revision 1.3)
)
("C:\Program Files\MiKTeX 2.9\tex\generic\pgf\frontendlayer\tikz\libraries\tikz
libraryshapes.code.tex"
File: tikzlibraryshapes.code.tex 2008/01/09 v2.10 (rcs-revision 1.1)

("C:\Program Files\MiKTeX 2.9\tex\generic\pgf\frontendlayer\tikz\libraries\tikz
libraryshapes.geometric.code.tex"
File: tikzlibraryshapes.geometric.code.tex 2008/01/09 v2.10 (rcs-revision 1.1)

("C:\Program Files\MiKTeX 2.9\tex\generic\pgf\libraries\shapes\pgflibraryshapes
.geometric.code.tex"
File: pgflibraryshapes.geometric.code.tex 2008/06/26 v2.10 (rcs-revision 1.1)
))
("C:\Program Files\MiKTeX 2.9\tex\generic\pgf\frontendlayer\tikz\libraries\tikz
libraryshapes.misc.code.tex"
File: tikzlibraryshapes.misc.code.tex 2008/01/09 v2.10 (rcs-revision 1.1)

("C:\Program Files\MiKTeX 2.9\tex\generic\pgf\libraries\shapes\pgflibraryshapes
.misc.code.tex"
File: pgflibraryshapes.misc.code.tex 2008/10/07 v2.10 (rcs-revision 1.3)
))
("C:\Program Files\MiKTeX 2.9\tex\generic\pgf\frontendlayer\tikz\libraries\tikz
libraryshapes.symbols.code.tex"
File: tikzlibraryshapes.symbols.code.tex 2008/01/09 v2.10 (rcs-revision 1.1)

("C:\Program Files\MiKTeX 2.9\tex\generic\pgf\libraries\shapes\pgflibraryshapes
.symbols.code.tex"
File: pgflibraryshapes.symbols.code.tex 2009/10/27 v2.10 (rcs-revision 1.3)
))
("C:\Program Files\MiKTeX 2.9\tex\generic\pgf\frontendlayer\tikz\libraries\tikz
libraryshapes.arrows.code.tex"
File: tikzlibraryshapes.arrows.code.tex 2008/01/09 v2.10 (rcs-revision 1.1)

("C:\Program Files\MiKTeX 2.9\tex\generic\pgf\libraries\shapes\pgflibraryshapes
.arrows.code.tex"
File: pgflibraryshapes.arrows.code.tex 2008/06/26 v2.10 (rcs-revision 1.1)
))
("C:\Program Files\MiKTeX 2.9\tex\generic\pgf\frontendlayer\tikz\libraries\tikz
libraryshapes.callouts.code.tex"
("C:\Program Files\MiKTeX 2.9\tex\generic\pgf\libraries\shapes\pgflibraryshapes
.callouts.code.tex"))
("C:\Program Files\MiKTeX 2.9\tex\generic\pgf\frontendlayer\tikz\libraries\tikz
libraryshapes.multipart.code.tex"
File: tikzlibraryshapes.multipart.code.tex 2008/01/09 v2.10 (rcs-revision 1.1)

("C:\Program Files\MiKTeX 2.9\tex\generic\pgf\libraries\shapes\pgflibraryshapes
.multipart.code.tex"
File: pgflibraryshapes.multipart.code.tex 2010/01/07 v2.10 (rcs-revision 1.2)
\pgfnodepartlowerbox=\box41
\pgfnodeparttwobox=\box42
\pgfnodepartthreebox=\box43
\pgfnodepartfourbox=\box44
\pgfnodeparttwentybox=\box45
\pgfnodepartnineteenbox=\box46
\pgfnodeparteighteenbox=\box47
\pgfnodepartseventeenbox=\box48
\pgfnodepartsixteenbox=\box49
\pgfnodepartfifteenbox=\box50
\pgfnodepartfourteenbox=\box51
\pgfnodepartthirteenbox=\box52
\pgfnodeparttwelvebox=\box53
\pgfnodepartelevenbox=\box54
\pgfnodeparttenbox=\box55
\pgfnodepartninebox=\box56
\pgfnodeparteightbox=\box57
\pgfnodepartsevenbox=\box58
\pgfnodepartsixbox=\box59
\pgfnodepartfivebox=\box60
))))))
("C:\Program Files\MiKTeX 2.9\tex\latex\base\inputenc.sty"
Package: inputenc 2008/03/30 v1.1d Input encoding file
\inpenc@prehook=\toks32
\inpenc@posthook=\toks33

("C:\Program Files\MiKTeX 2.9\tex\latex\base\ansinew.def"
File: ansinew.def 2008/03/30 v1.1d Input encoding file
))
("C:\Program Files\MiKTeX 2.9\tex\latex\base\fontenc.sty"
Package: fontenc 2005/09/27 v1.99g Standard LaTeX package

("C:\Program Files\MiKTeX 2.9\tex\latex\base\t1enc.def"
File: t1enc.def 2005/09/27 v1.99g Standard LaTeX file
LaTeX Font Info:    Redeclaring font encoding T1 on input line 43.
))
("C:\Users\Viet\Dropbox\UniHH\Sem03\GDB\WS1617\Uebung\Uebung 01\GDB-Abgabe_Vorl
age\G14B01_Bagci_Guel_Hoang.aux")
LaTeX Font Info:    Checking defaults for OML/cmm/m/it on input line 15.
LaTeX Font Info:    ... okay on input line 15.
LaTeX Font Info:    Checking defaults for T1/cmr/m/n on input line 15.
LaTeX Font Info:    ... okay on input line 15.
LaTeX Font Info:    Checking defaults for OT1/cmr/m/n on input line 15.
LaTeX Font Info:    ... okay on input line 15.
LaTeX Font Info:    Checking defaults for OMS/cmsy/m/n on input line 15.
LaTeX Font Info:    ... okay on input line 15.
LaTeX Font Info:    Checking defaults for OMX/cmex/m/n on input line 15.
LaTeX Font Info:    ... okay on input line 15.
LaTeX Font Info:    Checking defaults for U/cmr/m/n on input line 15.
LaTeX Font Info:    ... okay on input line 15.
LaTeX Font Info:    Try loading font information for T1+cmss on input line 15.

("C:\Program Files\MiKTeX 2.9\tex\latex\base\t1cmss.fd"
File: t1cmss.fd 1999/05/25 v2.5h Standard LaTeX font definitions
)
("C:\Program Files\MiKTeX 2.9\tex\context\base\supp-pdf.mkii"
[Loading MPS to PDF converter (version 2006.09.02).]
\scratchcounter=\count123
\scratchdimen=\dimen174
\scratchbox=\box61
\nofMPsegments=\count124
\nofMParguments=\count125
\everyMPshowfont=\toks34
\MPscratchCnt=\count126
\MPscratchDim=\dimen175
\MPnumerator=\count127
\makeMPintoPDFobject=\count128
\everyMPtoPDFconversion=\toks35
) ABD: EveryShipout initializing macros
LaTeX Font Info:    Try loading font information for OMS+cmss on input line 35.

LaTeX Font Info:    No file OMScmss.fd. on input line 35.


LaTeX Font Warning: Font shape `OMS/cmss/m/n' undefined
(Font)              using `OMS/cmsy/m/n' instead
(Font)              for symbol `textbullet' on input line 35.

LaTeX Font Info:    Try loading font information for U+lasy on input line 51.
("C:\Program Files\MiKTeX 2.9\tex\latex\base\ulasy.fd"
File: ulasy.fd 1998/08/17 v2.2e LaTeX symbol font definitions
)
<vsis.pdf, id=4, 774.57924pt x 774.62788pt> <use vsis.pdf>
Overfull \vbox (18.19798pt too high) has occurred while \output is active []


<use vsis.pdf>
Overfull \vbox (18.19798pt too high) has occurred while \output is active []

File: vsis.pdf Graphic file (type pdf)

<use vsis.pdf>
Package pdftex.def Info: vsis.pdf used on input line 51.
(pdftex.def)             Requested size: 62.59596pt x 62.59795pt.

Overfull \vbox (18.19798pt too high) has occurred while \output is active []


Overfull \vbox (77.26578pt too high) has occurred while \output is active []


[1{C:/Users/Viet/AppData/Local/MiKTeX/2.9/pdftex/config/pdftex.map}

 <C:/Users/Viet/Dropbox/UniHH/Sem03/GDB/WS1617/Uebung/Uebung 01/GDB-Abgabe_Vorl
age/vsis.pdf>]
Overfull \hbox (4.26865pt too wide) in paragraph at lines 62--67
\T1/cmss/m/n/10.95 Schü-ler-aus-wei-sen, Stun-den-pla-ner-stel-lung und Pla-nun
g der Raum-be-le-gung, Aus-stel-len von (Abgangs-
 []


Underfull \hbox (badness 10000) in paragraph at lines 95--96

 []

<use vsis.pdf>
Overfull \vbox (18.19798pt too high) has occurred while \output is active []


<use vsis.pdf>
Overfull \vbox (18.19798pt too high) has occurred while \output is active []

File: vsis.pdf Graphic file (type pdf)

<use vsis.pdf>
Package pdftex.def Info: vsis.pdf used on input line 105.
(pdftex.def)             Requested size: 62.59596pt x 62.59795pt.

Overfull \vbox (18.19798pt too high) has occurred while \output is active []


Overfull \vbox (77.26578pt too high) has occurred while \output is active []


[2] <use vsis.pdf>
Overfull \vbox (18.19798pt too high) has occurred while \output is active []


<use vsis.pdf>
Overfull \vbox (18.19798pt too high) has occurred while \output is active []

File: vsis.pdf Graphic file (type pdf)

<use vsis.pdf>
Package pdftex.def Info: vsis.pdf used on input line 157.
(pdftex.def)             Requested size: 62.59596pt x 62.59795pt.

Overfull \vbox (18.19798pt too high) has occurred while \output is active []


Overfull \vbox (77.26578pt too high) has occurred while \output is active []


[3] <use vsis.pdf>
Overfull \vbox (18.19798pt too high) has occurred while \output is active []


<use vsis.pdf>
Overfull \vbox (18.19798pt too high) has occurred while \output is active []

File: vsis.pdf Graphic file (type pdf)

<use vsis.pdf>
Package pdftex.def Info: vsis.pdf used on input line 167.
(pdftex.def)             Requested size: 62.59596pt x 62.59795pt.

Overfull \vbox (18.19798pt too high) has occurred while \output is active []


Overfull \vbox (77.26578pt too high) has occurred while \output is active []


[4]
("C:\Users\Viet\Dropbox\UniHH\Sem03\GDB\WS1617\Uebung\Uebung 01\GDB-Abgabe_Vorl
age\G14B01_Bagci_Guel_Hoang.aux")

LaTeX Font Warning: Some font shapes were not available, defaults substituted.

 ) 
Here is how much of TeX's memory you used:
 14936 strings out of 493921
 291117 string characters out of 3147284
 406194 words of memory out of 3000000
 17879 multiletter control sequences out of 15000+200000
 16905 words of font info for 51 fonts, out of 3000000 for 9000
 841 hyphenation exceptions out of 8191
 87i,23n,81p,468b,692s stack positions out of 5000i,500n,10000p,200000b,50000s
 <C:\Users\Viet\AppData\Local\MiKTeX\2.9\fonts\pk\ljfour\jknappen\ec\dpi600\e
csi1095.pk> <C:\Users\Viet\AppData\Local\MiKTeX\2.9\fonts\pk\ljfour\jknappen\ec
\dpi600\ecsx1095.pk> <C:\Users\Viet\AppData\Local\MiKTeX\2.9\fonts\pk\ljfour\jk
nappen\ec\dpi600\ecss1095.pk> <C:\Users\Viet\AppData\Local\MiKTeX\2.9\fonts\pk\
ljfour\jknappen\ec\dpi600\ecsx1440.pk> <C:\Users\Viet\AppData\Local\MiKTeX\2.9\
fonts\pk\ljfour\jknappen\ec\dpi600\ecsx1000.pk> <C:\Users\Viet\AppData\Local\Mi
KTeX\2.9\fonts\pk\ljfour\jknappen\ec\dpi600\ecss1000.pk><C:/Program Files/MiKTe
X 2.9/fonts/type1/public/amsfonts/cm/cmssi10.pfb><C:/Program Files/MiKTeX 2.9/f
onts/type1/public/amsfonts/cm/cmsy10.pfb>
Output written on G14B01_Bagci_Guel_Hoang.pdf (4 pages, 217268 bytes).
PDF statistics:
 239 PDF objects out of 1000 (max. 8388607)
 0 named destinations out of 1000 (max. 500000)
 18 words of extra memory for PDF output out of 10000 (max. 10000000)

